{
  "RSpec": {
    "coverage": {
      "/home/simonc312/Github/learn/app/models/user.rb": [
        1,
        1,
        0,
        null,
        null,
        null,
        1,
        null,
        null,
        null,
        1,
        null,
        1,
        1,
        1,
        1,
        null,
        1,
        null,
        null,
        1,
        null,
        1,
        34,
        null,
        null,
        1,
        0,
        null,
        null
      ],
      "/home/simonc312/Github/learn/app/controllers/application_controller.rb": [
        1,
        1,
        null,
        1,
        0,
        null,
        null,
        1,
        0,
        null,
        null,
        1,
        0,
        null,
        null,
        1,
        0,
        null,
        null,
        0,
        0,
        null,
        null,
        null
      ],
      "/home/simonc312/Github/learn/app/helpers/application_helper.rb": [
        1,
        null,
        1,
        0,
        null,
        null,
        1,
        0,
        null,
        null,
        1,
        0,
        null,
        null,
        null,
        null
      ],
      "/home/simonc312/Github/learn/app/helpers/basic_helper.rb": [
        1,
        1,
        null
      ],
      "/home/simonc312/Github/learn/app/helpers/calendar_helper.rb": [
        1,
        1,
        0,
        null,
        null,
        null,
        1,
        null,
        null,
        null,
        null,
        null,
        null,
        0,
        null,
        null,
        null,
        1,
        null,
        0,
        0,
        0,
        0,
        null,
        0,
        null,
        null,
        null,
        null,
        null,
        null
      ],
      "/home/simonc312/Github/learn/app/helpers/dashboard_helper.rb": [
        1,
        null
      ],
      "/home/simonc312/Github/learn/app/helpers/event_hash_helper.rb": [
        1,
        null,
        1,
        0,
        null,
        1,
        0,
        null,
        null,
        1,
        null,
        null,
        1,
        0,
        0,
        0,
        0,
        0,
        0,
        0,
        0,
        0,
        0,
        0,
        0,
        0,
        null,
        0,
        null,
        0,
        null,
        null,
        1,
        0,
        0,
        0,
        0,
        0,
        0,
        null,
        null,
        0,
        0,
        0,
        0,
        null,
        0,
        null,
        0,
        0,
        0,
        null,
        null,
        null
      ],
      "/home/simonc312/Github/learn/app/helpers/events_helper.rb": [
        1,
        1,
        0,
        null,
        null,
        1,
        0,
        null,
        null,
        1,
        0,
        null,
        null,
        1,
        0,
        null,
        null
      ],
      "/home/simonc312/Github/learn/app/helpers/get_events_helper.rb": [
        1,
        null,
        1,
        0,
        0,
        0,
        0,
        0,
        0,
        0,
        null,
        0,
        null,
        null,
        null,
        null
      ],
      "/home/simonc312/Github/learn/app/helpers/home_helper.rb": [
        1,
        null
      ],
      "/home/simonc312/Github/learn/app/controllers/admin/apps_controller.rb": [
        1,
        1,
        0,
        null,
        null
      ],
      "/home/simonc312/Github/learn/app/models/app.rb": [
        1,
        1,
        1,
        null,
        null
      ],
      "/home/simonc312/Github/learn/app/controllers/admin/calendar/events_controller.rb": [
        1,
        1,
        1,
        0,
        null,
        null,
        1,
        0,
        null,
        null,
        1,
        0,
        0,
        0,
        null,
        null,
        null,
        1,
        0,
        0,
        null,
        null,
        1,
        0,
        0,
        0,
        0,
        null,
        null,
        1,
        0,
        0,
        0,
        0,
        null,
        null,
        null
      ],
      "/home/simonc312/Github/learn/app/models/event.rb": [
        1,
        1,
        1,
        1,
        null
      ],
      "/home/simonc312/Github/learn/app/controllers/admin/calendar_controller.rb": [
        1,
        1,
        1,
        1,
        0,
        null,
        null,
        null
      ],
      "/home/simonc312/Github/learn/app/controllers/admin/mailer_controller.rb": [
        1,
        1,
        0,
        0,
        0,
        0,
        0,
        0,
        0,
        null,
        null,
        null,
        0,
        0,
        0,
        0,
        0,
        null,
        0,
        0,
        0,
        null,
        null
      ],
      "/home/simonc312/Github/learn/app/controllers/admin_controller.rb": [
        1,
        null,
        null,
        1,
        1,
        0,
        0,
        0,
        null,
        null,
        1,
        0,
        0,
        null,
        null,
        null,
        null,
        null,
        null,
        null,
        0,
        0,
        null,
        null,
        1,
        0,
        0,
        null,
        null,
        null,
        null,
        null,
        null,
        null,
        0,
        0,
        null,
        null,
        1,
        0,
        0,
        0,
        0,
        0,
        0,
        null,
        0,
        null,
        0,
        null,
        null,
        0,
        0,
        null,
        0,
        null,
        0,
        null,
        null,
        null,
        null
      ],
      "/home/simonc312/Github/learn/app/controllers/basic_controller.rb": [
        1,
        1,
        null,
        null,
        1,
        0,
        0,
        null,
        0,
        null,
        null,
        null,
        0,
        0,
        0,
        0,
        null,
        0,
        null,
        null
      ],
      "/home/simonc312/Github/learn/app/controllers/dashboard/application/clients_controller.rb": [
        1,
        1,
        0,
        0,
        0,
        0,
        0,
        null,
        0,
        0,
        null,
        null,
        null,
        1,
        0,
        null,
        null
      ],
      "/home/simonc312/Github/learn/app/models/client.rb": [
        1,
        null,
        null
      ],
      "/home/simonc312/Github/learn/app/controllers/dashboard/application/volunteers_controller.rb": [
        1,
        1,
        0,
        0,
        0,
        0,
        0,
        null,
        0,
        0,
        null,
        null,
        null,
        1,
        0,
        null,
        null
      ],
      "/home/simonc312/Github/learn/app/models/volunteer.rb": [
        1,
        null,
        null
      ],
      "/home/simonc312/Github/learn/app/controllers/dashboard/calendar/events_controller.rb": [
        1,
        1,
        1,
        0,
        null,
        null,
        1,
        0,
        null,
        null,
        1,
        0,
        0,
        0,
        null,
        null,
        null,
        1,
        0,
        0,
        0,
        null,
        null,
        1,
        0,
        0,
        0,
        0,
        null,
        null,
        1,
        0,
        0,
        0,
        0,
        null,
        null,
        null
      ],
      "/home/simonc312/Github/learn/app/controllers/dashboard/calendar_controller.rb": [
        1,
        1,
        1,
        1,
        0,
        null,
        null,
        null
      ],
      "/home/simonc312/Github/learn/app/controllers/dashboard_controller.rb": [
        1,
        null,
        1,
        1,
        null,
        null,
        null,
        1,
        null,
        null,
        null,
        null,
        null
      ],
      "/home/simonc312/Github/learn/app/controllers/errors_controller.rb": [
        1,
        1,
        0,
        null,
        null
      ],
      "/home/simonc312/Github/learn/app/controllers/home_controller.rb": [
        1,
        null,
        1,
        0,
        0,
        null,
        null,
        null,
        null
      ],
      "/home/simonc312/Github/learn/app/controllers/user_controller.rb": [
        1,
        null,
        1,
        1,
        0,
        0,
        null,
        null,
        null,
        null
      ],
      "/home/simonc312/Github/learn/app/mailers/mass_mailer.rb": [
        1,
        1,
        null,
        1,
        1,
        1,
        1,
        1,
        3,
        null,
        1,
        null,
        null
      ],
      "/home/simonc312/Github/learn/app/mailers/user_mailer.rb": [
        1,
        1,
        1,
        35,
        35,
        null,
        null
      ]
    },
    "timestamp": 1430770789
  }
}
